# Server version 0.08 running on arjuns-mbp.local:8123
# Game ID: 532
# Board class: bohnenspiel.BohnenspielBoard
# Timeout: 700
# First Move Timeout: 30000
# Date: Mon Apr 10 20:28:40 EDT 2017
# Player 1: Player-0, '260623737', running on localhost
# Player 2: Player-1, 'RandomPlayer', running on localhost
START Player-0 260623737
START Player-1 RandomPlayer
PIT 0 1
PIT 1 0
PIT 1 4
PIT 1 2
PIT 0 1
PIT 1 4
PIT 0 0
PIT 1 2
PIT 0 1
PIT 1 1
PIT 0 1
PIT 1 0
PIT 0 2
PIT 1 0
PIT 0 1
PIT 1 5
PIT 0 0
PIT 1 5
PIT 0 1
PIT 1 0
PIT 0 0
PIT 1 1
PIT 0 3
PIT 1 5
PIT 0 1
PIT 1 3
PIT 0 1
PIT 0 2
PIT 0 0
PIT 1 4
PIT 0 0
PIT 1 5
PIT 0 0
GAMEOVER WINNER 0         Player-0 score: 72  Player-1 score: 0
# Game ended: Mon Apr 10 20:28:41 EDT 2017
