# Server version 0.08 running on web100009.wireless.mcgill.ca:8123
# Game ID: 96
# Board class: bohnenspiel.BohnenspielBoard
# Timeout: 300000
# First Move Timeout: 30000
# Date: Sat Apr 08 18:52:11 EDT 2017
# Player 1: Player-0, '260623737', running on web100009.wireless.mcgill.ca
# Player 2: Player-1, 'RandomPlayer', running on web100009.wireless.mcgill.ca
START Player-0 260623737
START Player-1 RandomPlayer
PIT 0 1
PIT 1 1
PIT 0 4
PIT 1 0
PIT 0 0
PIT 1 3
PIT 0 4
PIT 1 4
PIT 1 0
PIT 0 1
PIT 1 1
PIT 0 3
PIT 1 4
PIT 0 5
PIT 1 4
PIT 0 4
PIT 0 0
PIT 1 3
PIT 1 4
PIT 0 2
PIT 0 5
PIT 1 5
PIT 0 1
PIT 1 1
PIT 0 3
PIT 1 5
PIT 0 4
PIT 1 5
PIT 0 5
PIT 1 3
PIT 0 0
PIT 1 0
PIT 0 1
PIT 1 1
PIT 0 0
PIT 1 2
PIT 0 0
PIT 1 5
PIT 0 4
PIT 1 0
PIT 0 5
PIT 1 1
PIT 0 3
PIT 1 3
PIT 0 4
PIT 1 5
PIT 0 0
PIT 1 4
PIT 0 1
PIT 1 0
PIT 0 0
PIT 1 3
PIT 0 5
PIT 1 2
PIT 0 1
PIT 1 0
PIT 0 4
PIT 1 5
PIT 0 0
PIT 1 1
PIT 0 1
PIT 1 3
PIT 0 2
PIT 1 2
PIT 0 5
PIT 1 3
GAMEOVER WINNER 0         Player-0 score: 40  Player-1 score: 32
# Game ended: Sat Apr 08 18:52:11 EDT 2017
