# Server version 0.08 running on web100208.wireless.mcgill.ca:8123
# Game ID: 103
# Board class: bohnenspiel.BohnenspielBoard
# Timeout: 700
# First Move Timeout: 30000
# Date: Sun Apr 09 17:19:48 EDT 2017
# Player 1: Player-0, '260623737', running on web100208.wireless.mcgill.ca
# Player 2: Player-1, 'RandomPlayer', running on web100208.wireless.mcgill.ca
START Player-0 260623737
START Player-1 RandomPlayer
PIT 0 2
PIT 1 4
PIT 0 2
PIT 1 2
PIT 0 1
PIT 1 5
PIT 0 4
PIT 1 0
PIT 0 5
PIT 1 3
PIT 0 5
PIT 1 0
PIT 1 5
PIT 0 2
PIT 1 4
PIT 0 3
PIT 1 3
PIT 0 5
PIT 1 4
PIT 0 0
PIT 0 0
PIT 1 3
PIT 0 1
PIT 1 5
PIT 0 4
PIT 1 0
PIT 0 2
PIT 1 5
PIT 0 0
PIT 1 2
PIT 0 1
PIT 1 1
PIT 0 1
PIT 1 3
PIT 1 4
PIT 0 3
PIT 1 1
PIT 0 0
PIT 1 4
PIT 0 3
PIT 1 0
PIT 0 2
PIT 1 1
PIT 0 3
PIT 0 1
PIT 1 5
PIT 0 0
GAMEOVER WINNER 1         Player-0 score: 34  Player-1 score: 38
# Game ended: Sun Apr 09 17:19:48 EDT 2017
