# Server version 0.08 running on web100009.wireless.mcgill.ca:8123
# Game ID: 86
# Board class: bohnenspiel.BohnenspielBoard
# Timeout: 700
# First Move Timeout: 30000
# Date: Sat Apr 08 17:48:44 EDT 2017
# Player 1: Player-0, '260623737', running on localhost
# Player 2: Player-1, 'RandomPlayer', running on localhost
START Player-0 260623737
START Player-1 RandomPlayer
PIT 0 2
PIT 0 5
PIT 1 1
PIT 0 3
PIT 1 0
PIT 0 2
PIT 1 5
PIT 1 3
PIT 0 1
PIT 1 0
PIT 0 2
PIT 0 3
PIT 1 3
PIT 0 0
PIT 1 3
PIT 0 2
PIT 1 0
PIT 0 5
PIT 1 5
PIT 0 4
PIT 1 5
PIT 0 1
PIT 1 0
PIT 0 3
PIT 1 4
PIT 1 3
PIT 0 0
PIT 1 5
PIT 0 5
PIT 1 2
PIT 0 4
PIT 1 1
PIT 0 2
PIT 1 0
GAMEOVER TIMEOUT WINNER 1         Player-0 score: 10  Player-1 score: 28
# Game ended: Sat Apr 08 17:48:46 EDT 2017
