# Server version 0.08 running on 192.168.0.133:8123
# Game ID: 619
# Board class: bohnenspiel.BohnenspielBoard
# Timeout: 700
# First Move Timeout: 30000
# Date: Mon Apr 10 21:25:59 EDT 2017
# Player 1: Player-0, '260623737', running on localhost
# Player 2: Player-1, 'RandomPlayer', running on localhost
START Player-0 260623737
START Player-1 RandomPlayer
PIT 0 0
PIT 1 0
PIT 1 5
PIT 0 0
PIT 0 1
PIT 1 3
PIT 0 1
PIT 1 1
PIT 0 1
PIT 1 4
PIT 0 1
PIT 0 3
PIT 1 4
PIT 0 0
PIT 1 2
PIT 0 3
PIT 1 3
PIT 0 1
PIT 1 1
PIT 0 5
PIT 1 2
PIT 0 0
PIT 1 3
PIT 0 2
GAMEOVER WINNER 0         Player-0 score: 60  Player-1 score: 12
# Game ended: Mon Apr 10 21:26:05 EDT 2017
